<?xml version="1.0" encoding="UTF-8"?>
<testng-results ignored="0" total="1" passed="1" failed="0" skipped="0">
  <reporter-output>
    <line>
      <![CDATA[Custom log]]>
    </line>
  </reporter-output>
  <suite started-at="2018-02-20T19:25:11Z" name="Suite" finished-at="2018-02-20T19:25:11Z" duration-ms="107">
    <groups>
    </groups>
    <test started-at="2018-02-20T19:25:11Z" name="First test" finished-at="2018-02-20T19:25:11Z" duration-ms="66">
      <class name="Listerners.Listerners.FirsListener">
        <test-method signature="hellWorld()[pri:0, instance:Listerners.Listerners.FirsListener@58cbafc2]" started-at="2018-02-20T23:25:11Z" name="hellWorld" finished-at="2018-02-20T23:25:11Z" duration-ms="15" status="PASS">
          <reporter-output>
            <line>
              <![CDATA[Custom log]]>
            </line>
          </reporter-output>
        </test-method> <!-- hellWorld -->
      </class> <!-- Listerners.Listerners.FirsListener -->
    </test> <!-- First test -->
    <test started-at="2018-02-20T19:25:11Z" name="Test" finished-at="2018-02-20T19:25:11Z" duration-ms="1">
    </test> <!-- Test -->
  </suite> <!-- Suite -->
</testng-results>
